{"uid":"48820fdff433a25d","name":"Check the updated existing suite","fullName":"com.qase.tests.SuiteTest.suiteShouldBeUpdated","historyId":"35b08b0b0cb6ac1ed9a6704c61e3134d","time":{"start":1736762298289,"stop":1736762310221,"duration":11932},"status":"failed","statusMessage":"expected [Laureen] but found [OrenLaureen]","statusTrace":"java.lang.AssertionError: expected [Laureen] but found [OrenLaureen]\n\tat org.testng.Assert.fail(Assert.java:111)\n\tat org.testng.Assert.failNotEquals(Assert.java:1578)\n\tat org.testng.Assert.assertEqualsImpl(Assert.java:150)\n\tat org.testng.Assert.assertEquals(Assert.java:132)\n\tat org.testng.Assert.assertEquals(Assert.java:656)\n\tat org.testng.Assert.assertEquals(Assert.java:666)\n\tat com.qase.tests.SuiteTest.suiteShouldBeUpdated(SuiteTest.java:64)\n\tat java.base/jdk.internal.reflect.DirectMethodHandleAccessor.invoke(DirectMethodHandleAccessor.java:103)\n\tat java.base/java.lang.reflect.Method.invoke(Method.java:580)\n\tat org.testng.internal.invokers.MethodInvocationHelper.invokeMethod(MethodInvocationHelper.java:141)\n\tat org.testng.internal.invokers.TestInvoker.invokeMethod(TestInvoker.java:686)\n\tat org.testng.internal.invokers.TestInvoker.invokeTestMethod(TestInvoker.java:230)\n\tat org.testng.internal.invokers.MethodRunner.runInSequence(MethodRunner.java:63)\n\tat org.testng.internal.invokers.TestInvoker$MethodInvocationAgent.invoke(TestInvoker.java:992)\n\tat org.testng.internal.invokers.TestInvoker.invokeTestMethods(TestInvoker.java:203)\n\tat org.testng.internal.invokers.TestMethodWorker.invokeTestMethods(TestMethodWorker.java:154)\n\tat org.testng.internal.invokers.TestMethodWorker.run(TestMethodWorker.java:134)\n\tat java.base/java.util.ArrayList.forEach(ArrayList.java:1596)\n\tat org.testng.TestRunner.privateRun(TestRunner.java:739)\n\tat org.testng.TestRunner.run(TestRunner.java:614)\n\tat org.testng.SuiteRunner.runTest(SuiteRunner.java:421)\n\tat org.testng.SuiteRunner$SuiteWorker.run(SuiteRunner.java:463)\n\tat org.testng.internal.thread.ThreadUtil.lambda$execute$0(ThreadUtil.java:64)\n\tat java.base/java.util.concurrent.FutureTask.run(FutureTask.java:317)\n\tat java.base/java.util.concurrent.ThreadPoolExecutor.runWorker(ThreadPoolExecutor.java:1144)\n\tat java.base/java.util.concurrent.ThreadPoolExecutor$Worker.run(ThreadPoolExecutor.java:642)\n\tat java.base/java.lang.Thread.run(Thread.java:1583)\n","flaky":false,"newFailed":true,"newBroken":false,"newPassed":false,"retriesCount":0,"retriesStatusChange":false,"beforeStages":[{"name":"setProjectViaApi","time":{"start":1736762230767,"stop":1736762231219,"duration":452},"description":"","status":"passed","steps":[{"name":"Create project via API","time":{"start":1736762230798,"stop":1736762231218,"duration":420},"status":"passed","steps":[],"attachments":[],"parameters":[{"name":"project","value":"Project(name=Miss Cyril Roob, code=GY, description=Corporate Directives Liaison)"}],"shouldDisplayMessage":false,"stepsCount":0,"attachmentsCount":0,"hasContent":true}],"attachments":[],"parameters":[],"shouldDisplayMessage":false,"stepsCount":1,"attachmentsCount":0,"hasContent":true},{"name":"Opening browser","time":{"start":1736762298272,"stop":1736762298287,"duration":15},"description":"Opening browser","status":"passed","steps":[],"attachments":[],"parameters":[],"shouldDisplayMessage":false,"stepsCount":0,"attachmentsCount":0,"hasContent":false}],"testStage":{"status":"failed","statusMessage":"expected [Laureen] but found [OrenLaureen]","statusTrace":"java.lang.AssertionError: expected [Laureen] but found [OrenLaureen]\n\tat org.testng.Assert.fail(Assert.java:111)\n\tat org.testng.Assert.failNotEquals(Assert.java:1578)\n\tat org.testng.Assert.assertEqualsImpl(Assert.java:150)\n\tat org.testng.Assert.assertEquals(Assert.java:132)\n\tat org.testng.Assert.assertEquals(Assert.java:656)\n\tat org.testng.Assert.assertEquals(Assert.java:666)\n\tat com.qase.tests.SuiteTest.suiteShouldBeUpdated(SuiteTest.java:64)\n\tat java.base/jdk.internal.reflect.DirectMethodHandleAccessor.invoke(DirectMethodHandleAccessor.java:103)\n\tat java.base/java.lang.reflect.Method.invoke(Method.java:580)\n\tat org.testng.internal.invokers.MethodInvocationHelper.invokeMethod(MethodInvocationHelper.java:141)\n\tat org.testng.internal.invokers.TestInvoker.invokeMethod(TestInvoker.java:686)\n\tat org.testng.internal.invokers.TestInvoker.invokeTestMethod(TestInvoker.java:230)\n\tat org.testng.internal.invokers.MethodRunner.runInSequence(MethodRunner.java:63)\n\tat org.testng.internal.invokers.TestInvoker$MethodInvocationAgent.invoke(TestInvoker.java:992)\n\tat org.testng.internal.invokers.TestInvoker.invokeTestMethods(TestInvoker.java:203)\n\tat org.testng.internal.invokers.TestMethodWorker.invokeTestMethods(TestMethodWorker.java:154)\n\tat org.testng.internal.invokers.TestMethodWorker.run(TestMethodWorker.java:134)\n\tat java.base/java.util.ArrayList.forEach(ArrayList.java:1596)\n\tat org.testng.TestRunner.privateRun(TestRunner.java:739)\n\tat org.testng.TestRunner.run(TestRunner.java:614)\n\tat org.testng.SuiteRunner.runTest(SuiteRunner.java:421)\n\tat org.testng.SuiteRunner$SuiteWorker.run(SuiteRunner.java:463)\n\tat org.testng.internal.thread.ThreadUtil.lambda$execute$0(ThreadUtil.java:64)\n\tat java.base/java.util.concurrent.FutureTask.run(FutureTask.java:317)\n\tat java.base/java.util.concurrent.ThreadPoolExecutor.runWorker(ThreadPoolExecutor.java:1144)\n\tat java.base/java.util.concurrent.ThreadPoolExecutor$Worker.run(ThreadPoolExecutor.java:642)\n\tat java.base/java.lang.Thread.run(Thread.java:1583)\n","steps":[{"name":"Open Login page","time":{"start":1736762298361,"stop":1736762299822,"duration":1461},"status":"passed","steps":[],"attachments":[],"parameters":[],"shouldDisplayMessage":false,"stepsCount":0,"attachmentsCount":0,"hasContent":false},{"name":"Login into the system using credentials: box3box@mailinator.com, Nokia7380/7380","time":{"start":1736762299879,"stop":1736762300491,"duration":612},"status":"passed","steps":[],"attachments":[],"parameters":[{"name":"username","value":"box3box@mailinator.com"},{"name":"password","value":"Nokia7380/7380"}],"shouldDisplayMessage":false,"stepsCount":0,"attachmentsCount":0,"hasContent":true},{"name":"Open project repository: GY","time":{"start":1736762304334,"stop":1736762306786,"duration":2452},"status":"passed","steps":[],"attachments":[],"parameters":[{"name":"code","value":"GY"}],"shouldDisplayMessage":false,"stepsCount":0,"attachmentsCount":0,"hasContent":true},{"name":"Create new suite","time":{"start":1736762306786,"stop":1736762309317,"duration":2531},"status":"passed","steps":[],"attachments":[],"parameters":[{"name":"suite","value":"Suite(suiteName=Oren, description=Sidgwick & Jackson, preconditions=Ring of Bright Water, suiteId=1)"}],"shouldDisplayMessage":false,"stepsCount":0,"attachmentsCount":0,"hasContent":true},{"name":"Open edit suite page","time":{"start":1736762309558,"stop":1736762309664,"duration":106},"status":"passed","steps":[],"attachments":[],"parameters":[],"shouldDisplayMessage":false,"stepsCount":0,"attachmentsCount":0,"hasContent":false},{"name":"Update suite","time":{"start":1736762309665,"stop":1736762310206,"duration":541},"status":"passed","steps":[],"attachments":[],"parameters":[{"name":"suite","value":"Suite(suiteName=Laureen, description=Scholastic Press, preconditions=For a Breath I Tarry, suiteId=1)"}],"shouldDisplayMessage":false,"stepsCount":0,"attachmentsCount":0,"hasContent":true}],"attachments":[],"parameters":[],"shouldDisplayMessage":true,"stepsCount":6,"attachmentsCount":0,"hasContent":true},"afterStages":[{"name":"Closing browser","time":{"start":1736762310222,"stop":1736762310304,"duration":82},"description":"Closing browser","status":"passed","steps":[],"attachments":[],"parameters":[],"shouldDisplayMessage":false,"stepsCount":0,"attachmentsCount":0,"hasContent":false},{"name":"deleteProject","time":{"start":1736762310305,"stop":1736762310598,"duration":293},"description":"","status":"passed","steps":[{"name":"Delete project via API","time":{"start":1736762310306,"stop":1736762310598,"duration":292},"status":"passed","steps":[],"attachments":[],"parameters":[{"name":"code","value":"GY"}],"shouldDisplayMessage":false,"stepsCount":0,"attachmentsCount":0,"hasContent":true}],"attachments":[],"parameters":[],"shouldDisplayMessage":false,"stepsCount":1,"attachmentsCount":0,"hasContent":true}],"labels":[{"name":"package","value":"com.qase.tests.SuiteTest"},{"name":"testClass","value":"com.qase.tests.SuiteTest"},{"name":"testMethod","value":"suiteShouldBeUpdated"},{"name":"parentSuite","value":"Critical Path Test"},{"name":"suite","value":"Sub-suite #2"},{"name":"subSuite","value":"com.qase.tests.SuiteTest"},{"name":"host","value":"fv-az2023-79"},{"name":"thread","value":"2220@fv-az2023-79.TestNG-tests-2(31)"},{"name":"framework","value":"testng"},{"name":"language","value":"java"},{"name":"resultFormat","value":"allure2"}],"parameters":[],"links":[],"hidden":false,"retry":false,"extra":{"severity":"normal","retries":[],"categories":[{"name":"Product defects","matchedStatuses":[],"flaky":false}],"history":{"statistic":{"failed":1,"broken":0,"skipped":0,"passed":1,"unknown":0,"total":2},"items":[{"uid":"47f13726647b5152","reportUrl":"https://olia0303.github.io/qase/21//#testresult/47f13726647b5152","status":"passed","time":{"start":1736759527616,"stop":1736759536244,"duration":8628}}]},"tags":[]},"source":"48820fdff433a25d.json","parameterValues":[]}